app/build/outputs/logs/manifest-merger-debug-report.txt
-- Merging decision tree log ---
manifest
ADDED from src\main\AndroidManifest.xml:2:1-71:12
	xmlns:android
		ADDED from src\main\AndroidManifest.xml:2:11-69
	package
		ADDED from src\main\AndroidManifest.xml:3:5-35
		INJECTED from src\main\AndroidManifest.xml
		INJECTED from src\main\AndroidManifest.xml
	android:versionName
		ADDED from src\main\AndroidManifest.xml:6:5-30
		INJECTED from src\main\AndroidManifest.xml
		INJECTED from src\main\AndroidManifest.xml
	android:versionCode
		ADDED from src\main\AndroidManifest.xml:5:5-28
		INJECTED from src\main\AndroidManifest.xml
		INJECTED from src\main\AndroidManifest.xml
	android:installLocation
		ADDED from src\main\AndroidManifest.xml:4:5-45
uses-sdk
ADDED from src\main\AndroidManifest.xml:8:3-10:39
MERGED from [com.android.support:appcompat-v7:23.0.1] AndroidManifest.xml:20:5-43
MERGED from [com.android.support:support-v4:23.0.1] AndroidManifest.xml:20:5-43
	android:targetSdkVersion
		ADDED from src\main\AndroidManifest.xml:10:7-36
		INJECTED from src\main\AndroidManifest.xml
		INJECTED from src\main\AndroidManifest.xml
	android:minSdkVersion
		ADDED from src\main\AndroidManifest.xml:9:7-33
		INJECTED from src\main\AndroidManifest.xml
		INJECTED from src\main\AndroidManifest.xml
supports-screens
ADDED from src\main\AndroidManifest.xml:12:3-17:38
	android:largeScreens
		ADDED from src\main\AndroidManifest.xml:14:7-34
	android:anyDensity
		ADDED from src\main\AndroidManifest.xml:13:7-32
	android:normalScreens
		ADDED from src\main\AndroidManifest.xml:15:7-35
	android:xlargeScreens
		ADDED from src\main\AndroidManifest.xml:17:7-35
	android:smallScreens
		ADDED from src\main\AndroidManifest.xml:16:7-34
uses-feature#0x00020000
ADDED from src\main\AndroidManifest.xml:19:3-52
	android:glEsVersion
		ADDED from src\main\AndroidManifest.xml:19:17-49
uses-feature#android.hardware.touchscreen
ADDED from src\main\AndroidManifest.xml:20:3-22:34
	android:required
		ADDED from src\main\AndroidManifest.xml:22:7-31
	android:name
		ADDED from src\main\AndroidManifest.xml:21:7-50
uses-feature#android.hardware.touchscreen.multitouch
ADDED from src\main\AndroidManifest.xml:23:3-25:34
	android:required
		ADDED from src\main\AndroidManifest.xml:25:7-31
	android:name
		ADDED from src\main\AndroidManifest.xml:24:7-61
uses-feature#android.hardware.touchscreen.multitouch.distinct
ADDED from src\main\AndroidManifest.xml:26:3-28:34
	android:required
		ADDED from src\main\AndroidManifest.xml:28:7-31
	android:name
		ADDED from src\main\AndroidManifest.xml:27:7-70
android:uses-permission#android.permission.WRITE_EXTERNAL_STORAGE
ADDED from src\main\AndroidManifest.xml:30:3-87
	android:name
		ADDED from src\main\AndroidManifest.xml:30:28-84
android:uses-permission#android.permission.READ_PHONE_STATE
ADDED from src\main\AndroidManifest.xml:31:3-81
	android:name
		ADDED from src\main\AndroidManifest.xml:31:28-78
android:uses-permission#android.permission.READ_EXTERNAL_STORAGE
ADDED from src\main\AndroidManifest.xml:32:3-86
	android:name
		ADDED from src\main\AndroidManifest.xml:32:28-83
application
ADDED from src\main\AndroidManifest.xml:34:3-69:17
MERGED from [com.android.support:appcompat-v7:23.0.1] AndroidManifest.xml:22:5-20
MERGED from [com.android.support:support-v4:23.0.1] AndroidManifest.xml:22:5-20
	android:label
		ADDED from src\main\AndroidManifest.xml:38:7-45
	android:icon
		ADDED from src\main\AndroidManifest.xml:36:7-40
	android:theme
		ADDED from src\main\AndroidManifest.xml:39:7-38
	android:isGame
		ADDED from src\main\AndroidManifest.xml:37:7-28
	android:banner
		ADDED from src\main\AndroidManifest.xml:35:7-44
activity#com.CannonFodder.EVT.StartMenu
ADDED from src\main\AndroidManifest.xml:42:5-49:16
	android:name
		ADDED from src\main\AndroidManifest.xml:42:15-60
intent-filter#android.intent.action.MAIN+android.intent.category.LAUNCHER+android.intent.category.LEANBACK_LAUNCHER
ADDED from src\main\AndroidManifest.xml:43:7-48:23
action#android.intent.action.MAIN
ADDED from src\main\AndroidManifest.xml:44:9-61
	android:name
		ADDED from src\main\AndroidManifest.xml:44:17-58
category#android.intent.category.LAUNCHER
ADDED from src\main\AndroidManifest.xml:46:9-69
	android:name
		ADDED from src\main\AndroidManifest.xml:46:19-66
category#android.intent.category.LEANBACK_LAUNCHER
ADDED from src\main\AndroidManifest.xml:47:9-78
	android:name
		ADDED from src\main\AndroidManifest.xml:47:19-75
activity#com.CannonFodder.EVT.UnityPlayerActivity
ADDED from src\main\AndroidManifest.xml:52:5-62:16
	android:screenOrientation
		ADDED from src\main\AndroidManifest.xml:58:9-46
	android:label
		ADDED from src\main\AndroidManifest.xml:55:9-41
	android:configChanges
		ADDED from src\main\AndroidManifest.xml:54:9-166
	android:process
		ADDED from src\main\AndroidManifest.xml:57:9-40
	android:name
		ADDED from src\main\AndroidManifest.xml:53:9-64
	android:launchMode
		ADDED from src\main\AndroidManifest.xml:56:9-40
meta-data#unityplayer.UnityActivity
ADDED from src\main\AndroidManifest.xml:59:7-61:34
	android:name
		ADDED from src\main\AndroidManifest.xml:60:11-51
	android:value
		ADDED from src\main\AndroidManifest.xml:61:11-31
activity#com.CannonFodder.EVT.PlayerNames
ADDED from src\main\AndroidManifest.xml:65:5-68:16
	android:label
		ADDED from src\main\AndroidManifest.xml:67:9-60
	android:name
		ADDED from src\main\AndroidManifest.xml:66:9-56